2025-07-29 18:35:08,573 - csd2_bot - INFO - Starting CSD2 Bot...
2025-07-29 18:35:08,575 - csd2_bot - INFO - PyAutoGUI failsafe enabled. Move mouse to top-left corner to stop.
2025-07-29 18:35:08,575 - csd2_bot - INFO - Bot is running. Press Ctrl+C in the console to exit.
2025-07-29 18:35:48,563 - csd2_bot - INFO - Bot stopped by user (Ctrl+C).
2025-07-29 18:35:48,563 - csd2_bot - INFO - CSD2 Bot shutting down.
2025-07-29 18:37:18,357 - csd2_bot - INFO - Starting CSD2 Bot...
2025-07-29 18:37:18,357 - csd2_bot - INFO - PyAutoGUI failsafe enabled. Move mouse to top-left corner to stop.
2025-07-29 18:37:18,357 - csd2_bot - INFO - Bot is running. Press Ctrl+C in the console to exit.
2025-07-29 18:37:52,146 - csd2_bot - INFO - Bot stopped by user (Ctrl+C).
2025-07-29 18:37:52,157 - csd2_bot - INFO - CSD2 Bot shutting down.
2025-07-29 18:42:18,204 - csd2_bot - INFO - Starting CSD2 Bot...
2025-07-29 18:42:18,204 - csd2_bot - INFO - PyAutoGUI failsafe enabled. Move mouse to top-left corner to stop.
2025-07-29 18:42:18,204 - csd2_bot - INFO - Bot is running. Press Ctrl+C in the console to exit.
2025-07-29 18:43:53,201 - csd2_bot - INFO - Bot stopped by user (Ctrl+C).
2025-07-29 18:43:53,201 - csd2_bot - INFO - CSD2 Bot shutting down.
2025-07-29 18:46:22,489 - csd2_bot - INFO - Starting CSD2 Bot...
2025-07-29 18:46:22,489 - csd2_bot - INFO - PyAutoGUI failsafe enabled. Move mouse to top-left corner to stop.
2025-07-29 18:46:22,489 - csd2_bot - INFO - Bot is running. Press Ctrl+C in the console to exit.
2025-07-29 18:47:20,421 - csd2_bot - INFO - Bot stopped by user (Ctrl+C).
2025-07-29 18:47:20,421 - csd2_bot - INFO - CSD2 Bot shutting down.
2025-07-29 18:47:34,952 - csd2_bot - INFO - Starting CSD2 Bot...
2025-07-29 18:47:34,952 - csd2_bot - INFO - PyAutoGUI failsafe enabled. Move mouse to top-left corner to stop.
2025-07-29 18:47:34,952 - csd2_bot - INFO - Bot is running. Press Ctrl+C in the console to exit.
2025-07-29 18:47:49,758 - csd2_bot - INFO - Bot stopped by user (Ctrl+C).
2025-07-29 18:47:49,758 - csd2_bot - INFO - CSD2 Bot shutting down.
2025-07-29 19:24:35,598 - csd2_bot - INFO - Starting CSD2 Bot...
2025-07-29 19:24:35,598 - csd2_bot - INFO - PyAutoGUI failsafe enabled. Move mouse to top-left corner to stop.
2025-07-29 19:24:35,598 - csd2_bot - INFO - Bot is running. Press Ctrl+C in the console to exit.
2025-07-29 19:24:40,803 - csd2_bot - INFO - Bot stopped by user (Ctrl+C).
2025-07-29 19:24:40,803 - csd2_bot - INFO - CSD2 Bot shutting down.
